[debug] [2023-07-29T21:27:17.120Z] ----------------------------------------------------------------------
[debug] [2023-07-29T21:27:17.123Z] Command:       C:\Program Files\nodejs\node.exe C:\Users\Asus\AppData\Roaming\npm\node_modules\firebase-tools\lib\bin\firebase.js deploy
[debug] [2023-07-29T21:27:17.123Z] CLI Version:   12.4.6
[debug] [2023-07-29T21:27:17.124Z] Platform:      win32
[debug] [2023-07-29T21:27:17.124Z] Node Version:  v20.4.0
[debug] [2023-07-29T21:27:17.124Z] Time:          Sun Jul 30 2023 03:27:17 GMT+0600 (Bangladesh Standard Time)
[debug] [2023-07-29T21:27:17.124Z] ----------------------------------------------------------------------
[debug] 
[debug] [2023-07-29T21:27:17.198Z] > command requires scopes: ["email","openid","https://www.googleapis.com/auth/cloudplatformprojects.readonly","https://www.googleapis.com/auth/firebase","https://www.googleapis.com/auth/cloud-platform"]
[debug] [2023-07-29T21:27:17.198Z] > authorizing via signed-in user (minnatulislam86@gmail.com)
[debug] [2023-07-29T21:27:17.198Z] [iam] checking project techxbazar for permissions ["firebase.projects.get","firebasehosting.sites.update"]
[debug] [2023-07-29T21:27:17.200Z] >>> [apiv2][query] POST https://cloudresourcemanager.googleapis.com/v1/projects/techxbazar:testIamPermissions [none]
[debug] [2023-07-29T21:27:17.201Z] >>> [apiv2][(partial)header] POST https://cloudresourcemanager.googleapis.com/v1/projects/techxbazar:testIamPermissions x-goog-quota-user=projects/techxbazar
[debug] [2023-07-29T21:27:17.201Z] >>> [apiv2][body] POST https://cloudresourcemanager.googleapis.com/v1/projects/techxbazar:testIamPermissions {"permissions":["firebase.projects.get","firebasehosting.sites.update"]}
[debug] [2023-07-29T21:27:18.854Z] <<< [apiv2][status] POST https://cloudresourcemanager.googleapis.com/v1/projects/techxbazar:testIamPermissions 200
[debug] [2023-07-29T21:27:18.854Z] <<< [apiv2][body] POST https://cloudresourcemanager.googleapis.com/v1/projects/techxbazar:testIamPermissions {}
[debug] [2023-07-29T21:27:18.855Z] [iam] error while checking permissions, command may fail: FirebaseError: Authorization failed. This account is missing the following required permissions on project techxbazar:

  firebase.projects.get
  firebasehosting.sites.update
[debug] [2023-07-29T21:27:18.856Z] >>> [apiv2][query] GET https://firebase.googleapis.com/v1beta1/projects/techxbazar [none]
[debug] [2023-07-29T21:27:19.792Z] <<< [apiv2][status] GET https://firebase.googleapis.com/v1beta1/projects/techxbazar 403
[debug] [2023-07-29T21:27:19.792Z] <<< [apiv2][body] GET https://firebase.googleapis.com/v1beta1/projects/techxbazar {"error":{"code":403,"message":"The caller does not have permission","status":"PERMISSION_DENIED"}}
[debug] [2023-07-29T21:27:19.793Z] HTTP Error: 403, The caller does not have permission
[debug] [2023-07-29T21:27:20.011Z] FirebaseError: HTTP Error: 403, The caller does not have permission
    at responseToError (C:\Users\Asus\AppData\Roaming\npm\node_modules\firebase-tools\lib\responseToError.js:49:12)
    at RetryOperation._fn (C:\Users\Asus\AppData\Roaming\npm\node_modules\firebase-tools\lib\apiv2.js:285:77)
    at process.processTicksAndRejections (node:internal/process/task_queues:95:5)
[error] 
[error] Error: Failed to get Firebase project techxbazar. Please make sure the project exists and your account has permission to access it.
[debug] [2023-07-29T21:36:20.930Z] ----------------------------------------------------------------------
[debug] [2023-07-29T21:36:20.940Z] Command:       C:\Program Files\nodejs\node.exe C:\Users\Asus\AppData\Roaming\npm\node_modules\firebase-tools\lib\bin\firebase.js init
[debug] [2023-07-29T21:36:20.941Z] CLI Version:   12.4.6
[debug] [2023-07-29T21:36:20.941Z] Platform:      win32
[debug] [2023-07-29T21:36:20.941Z] Node Version:  v20.4.0
[debug] [2023-07-29T21:36:20.943Z] Time:          Sun Jul 30 2023 03:36:20 GMT+0600 (Bangladesh Standard Time)
[debug] [2023-07-29T21:36:20.943Z] ----------------------------------------------------------------------
[debug] 
[debug] [2023-07-29T21:36:21.072Z] > command requires scopes: ["email","openid","https://www.googleapis.com/auth/cloudplatformprojects.readonly","https://www.googleapis.com/auth/firebase","https://www.googleapis.com/auth/cloud-platform"]
[debug] [2023-07-29T21:36:21.073Z] > authorizing via signed-in user (minnatulislam86@gmail.com)
[info] 
     ######## #### ########  ######## ########     ###     ######  ########
     ##        ##  ##     ## ##       ##     ##  ##   ##  ##       ##
     ######    ##  ########  ######   ########  #########  ######  ######
     ##        ##  ##    ##  ##       ##     ## ##     ##       ## ##
     ##       #### ##     ## ######## ########  ##     ##  ######  ########

You're about to initialize a Firebase project in this directory:

  D:\PROGRAMMING HERO DUNIYA\For resume projects\TextXBazar\techxbazar-client-side-main

Before we get started, keep in mind:

  * You are initializing within an existing Firebase project directory

[info] 
=== Project Setup
[info] 
[info] First, let's associate this project directory with a Firebase project.
[info] You can create multiple project aliases by running firebase use --add, 
[info] but for now we'll just set up a default project.
[info] 
[debug] [2023-07-29T22:26:35.005Z] Using project from CLI flag: techxbazar
[debug] [2023-07-29T22:26:35.009Z] > refreshing access token with scopes: []
[debug] [2023-07-29T22:26:35.013Z] >>> [apiv2][query] POST https://www.googleapis.com/oauth2/v3/token [none]
[debug] [2023-07-29T22:26:35.014Z] >>> [apiv2][body] POST https://www.googleapis.com/oauth2/v3/token [omitted]
[debug] [2023-07-29T22:26:35.582Z] <<< [apiv2][status] POST https://www.googleapis.com/oauth2/v3/token 200
[debug] [2023-07-29T22:26:35.582Z] <<< [apiv2][body] POST https://www.googleapis.com/oauth2/v3/token [omitted]
[debug] [2023-07-29T22:26:35.620Z] >>> [apiv2][query] GET https://firebase.googleapis.com/v1beta1/projects/techxbazar [none]
[debug] [2023-07-29T22:26:36.489Z] <<< [apiv2][status] GET https://firebase.googleapis.com/v1beta1/projects/techxbazar 403
[debug] [2023-07-29T22:26:36.489Z] <<< [apiv2][body] GET https://firebase.googleapis.com/v1beta1/projects/techxbazar {"error":{"code":403,"message":"The caller does not have permission","status":"PERMISSION_DENIED"}}
[debug] [2023-07-29T22:26:36.491Z] HTTP Error: 403, The caller does not have permission
[debug] [2023-07-29T22:26:36.751Z] FirebaseError: HTTP Error: 403, The caller does not have permission
    at responseToError (C:\Users\Asus\AppData\Roaming\npm\node_modules\firebase-tools\lib\responseToError.js:49:12)
    at RetryOperation._fn (C:\Users\Asus\AppData\Roaming\npm\node_modules\firebase-tools\lib\apiv2.js:285:77)
    at process.processTicksAndRejections (node:internal/process/task_queues:95:5)
[error] 
[error] Error: Failed to get Firebase project techxbazar. Please make sure the project exists and your account has permission to access it.
[debug] [2023-07-29T22:31:13.422Z] ----------------------------------------------------------------------
[debug] [2023-07-29T22:31:13.425Z] Command:       C:\Program Files\nodejs\node.exe C:\Users\Asus\AppData\Roaming\npm\node_modules\firebase-tools\lib\bin\firebase.js init
[debug] [2023-07-29T22:31:13.426Z] CLI Version:   12.4.6
[debug] [2023-07-29T22:31:13.426Z] Platform:      win32
[debug] [2023-07-29T22:31:13.426Z] Node Version:  v20.4.0
[debug] [2023-07-29T22:31:13.426Z] Time:          Sun Jul 30 2023 04:31:13 GMT+0600 (Bangladesh Standard Time)
[debug] [2023-07-29T22:31:13.426Z] ----------------------------------------------------------------------
[debug] 
[debug] [2023-07-29T22:31:13.499Z] > command requires scopes: ["email","openid","https://www.googleapis.com/auth/cloudplatformprojects.readonly","https://www.googleapis.com/auth/firebase","https://www.googleapis.com/auth/cloud-platform"]
[debug] [2023-07-29T22:31:13.499Z] > authorizing via signed-in user (minnatulislam86@gmail.com)
[info] 
     ######## #### ########  ######## ########     ###     ######  ########
     ##        ##  ##     ## ##       ##     ##  ##   ##  ##       ##
     ######    ##  ########  ######   ########  #########  ######  ######
     ##        ##  ##    ##  ##       ##     ## ##     ##       ## ##
     ##       #### ##     ## ######## ########  ##     ##  ######  ########

You're about to initialize a Firebase project in this directory:

  D:\PROGRAMMING HERO DUNIYA\For resume projects\TextXBazar\techxbazar-client-side-main

Before we get started, keep in mind:

  * You are initializing within an existing Firebase project directory

[debug] [2023-07-29T22:31:46.318Z] Error: Timed out.
    at Timeout._onTimeout (C:\Users\Asus\AppData\Roaming\npm\node_modules\firebase-tools\lib\utils.js:254:49)
    at listOnTimeout (node:internal/timers:573:17)
    at process.processTimers (node:internal/timers:514:7)
[error] 
[error] Error: An unexpected error has occurred.
[debug] [2023-07-29T22:31:53.420Z] ----------------------------------------------------------------------
[debug] [2023-07-29T22:31:53.423Z] Command:       C:\Program Files\nodejs\node.exe C:\Users\Asus\AppData\Roaming\npm\node_modules\firebase-tools\lib\bin\firebase.js init
[debug] [2023-07-29T22:31:53.423Z] CLI Version:   12.4.6
[debug] [2023-07-29T22:31:53.423Z] Platform:      win32
[debug] [2023-07-29T22:31:53.423Z] Node Version:  v20.4.0
[debug] [2023-07-29T22:31:53.423Z] Time:          Sun Jul 30 2023 04:31:53 GMT+0600 (Bangladesh Standard Time)
[debug] [2023-07-29T22:31:53.424Z] ----------------------------------------------------------------------
[debug] 
[debug] [2023-07-29T22:31:53.492Z] > command requires scopes: ["email","openid","https://www.googleapis.com/auth/cloudplatformprojects.readonly","https://www.googleapis.com/auth/firebase","https://www.googleapis.com/auth/cloud-platform"]
[debug] [2023-07-29T22:31:53.492Z] > authorizing via signed-in user (minnatulislam86@gmail.com)
[info] 
     ######## #### ########  ######## ########     ###     ######  ########
     ##        ##  ##     ## ##       ##     ##  ##   ##  ##       ##
     ######    ##  ########  ######   ########  #########  ######  ######
     ##        ##  ##    ##  ##       ##     ## ##     ##       ## ##
     ##       #### ##     ## ######## ########  ##     ##  ######  ########

You're about to initialize a Firebase project in this directory:

  D:\PROGRAMMING HERO DUNIYA\For resume projects\TextXBazar\techxbazar-client-side-main

Before we get started, keep in mind:

  * You are initializing within an existing Firebase project directory

[info] 
=== Project Setup
[info] 
[info] First, let's associate this project directory with a Firebase project.
[info] You can create multiple project aliases by running firebase use --add, 
[info] but for now we'll just set up a default project.
[info] 
[debug] [2023-07-29T22:32:06.187Z] Using project from CLI flag: techxbazar
[debug] [2023-07-29T22:32:06.191Z] >>> [apiv2][query] GET https://firebase.googleapis.com/v1beta1/projects/techxbazar [none]
[debug] [2023-07-29T22:32:07.110Z] <<< [apiv2][status] GET https://firebase.googleapis.com/v1beta1/projects/techxbazar 403
[debug] [2023-07-29T22:32:07.110Z] <<< [apiv2][body] GET https://firebase.googleapis.com/v1beta1/projects/techxbazar {"error":{"code":403,"message":"The caller does not have permission","status":"PERMISSION_DENIED"}}
[debug] [2023-07-29T22:32:07.111Z] HTTP Error: 403, The caller does not have permission
[debug] [2023-07-29T22:32:07.319Z] FirebaseError: HTTP Error: 403, The caller does not have permission
    at responseToError (C:\Users\Asus\AppData\Roaming\npm\node_modules\firebase-tools\lib\responseToError.js:49:12)
    at RetryOperation._fn (C:\Users\Asus\AppData\Roaming\npm\node_modules\firebase-tools\lib\apiv2.js:285:77)
    at process.processTicksAndRejections (node:internal/process/task_queues:95:5)
[error] 
[error] Error: Failed to get Firebase project techxbazar. Please make sure the project exists and your account has permission to access it.
[debug] [2023-07-29T22:33:41.969Z] ----------------------------------------------------------------------
[debug] [2023-07-29T22:33:41.972Z] Command:       C:\Program Files\nodejs\node.exe C:\Users\Asus\AppData\Roaming\npm\node_modules\firebase-tools\lib\bin\firebase.js init
[debug] [2023-07-29T22:33:41.973Z] CLI Version:   12.4.6
[debug] [2023-07-29T22:33:41.973Z] Platform:      win32
[debug] [2023-07-29T22:33:41.973Z] Node Version:  v20.4.0
[debug] [2023-07-29T22:33:41.973Z] Time:          Sun Jul 30 2023 04:33:41 GMT+0600 (Bangladesh Standard Time)
[debug] [2023-07-29T22:33:41.973Z] ----------------------------------------------------------------------
[debug] 
[debug] [2023-07-29T22:33:42.050Z] > command requires scopes: ["email","openid","https://www.googleapis.com/auth/cloudplatformprojects.readonly","https://www.googleapis.com/auth/firebase","https://www.googleapis.com/auth/cloud-platform"]
[debug] [2023-07-29T22:33:42.051Z] > authorizing via signed-in user (minnatulislam86@gmail.com)
[info] 
     ######## #### ########  ######## ########     ###     ######  ########
     ##        ##  ##     ## ##       ##     ##  ##   ##  ##       ##
     ######    ##  ########  ######   ########  #########  ######  ######
     ##        ##  ##    ##  ##       ##     ## ##     ##       ## ##
     ##       #### ##     ## ######## ########  ##     ##  ######  ########

You're about to initialize a Firebase project in this directory:

  D:\PROGRAMMING HERO DUNIYA\For resume projects\TextXBazar\techxbazar-client-side-main

Before we get started, keep in mind:

  * You are initializing within an existing Firebase project directory

[info] 
=== Project Setup
[info] 
[info] First, let's associate this project directory with a Firebase project.
[info] You can create multiple project aliases by running firebase use --add, 
[info] but for now we'll just set up a default project.
[info] 
[debug] [2023-07-29T22:35:04.471Z] Using project from CLI flag: techxbazar
[debug] [2023-07-29T22:35:04.475Z] >>> [apiv2][query] GET https://firebase.googleapis.com/v1beta1/projects/techxbazar [none]
[debug] [2023-07-29T22:35:05.204Z] <<< [apiv2][status] GET https://firebase.googleapis.com/v1beta1/projects/techxbazar 403
[debug] [2023-07-29T22:35:05.205Z] <<< [apiv2][body] GET https://firebase.googleapis.com/v1beta1/projects/techxbazar {"error":{"code":403,"message":"The caller does not have permission","status":"PERMISSION_DENIED"}}
[debug] [2023-07-29T22:35:05.206Z] HTTP Error: 403, The caller does not have permission
[debug] [2023-07-29T22:35:05.413Z] FirebaseError: HTTP Error: 403, The caller does not have permission
    at responseToError (C:\Users\Asus\AppData\Roaming\npm\node_modules\firebase-tools\lib\responseToError.js:49:12)
    at RetryOperation._fn (C:\Users\Asus\AppData\Roaming\npm\node_modules\firebase-tools\lib\apiv2.js:285:77)
    at process.processTicksAndRejections (node:internal/process/task_queues:95:5)
[error] 
[error] Error: Failed to get Firebase project techxbazar. Please make sure the project exists and your account has permission to access it.
